<?xml version="1.0" encoding="UTF-8"?>
<!-- Generated by org.testng.reporters.JUnitXMLReporter -->
<testsuite ignored="0" hostname="DESKTOP-R7HB36T" failures="1" tests="3" name="Command line test" time="40.816" errors="0" timestamp="2020-07-01T17:07:39 IST">
  <testcase classname="testcases.Test1" name="academtLogin" time="12.47"/>
  <testcase classname="testcases.Test2" name="googleTitleValidation" time="19.665"/>
  <testcase classname="testcases.Test3" name="facelookLogin" time="8.613">
    <failure type="java.lang.AssertionError" message="did not expect to find [true] but found [false]">
      <![CDATA[java.lang.AssertionError: did not expect to find [true] but found [false]
at testcases.Test3.facelookLogin(Test3.java:17)
at java.base/java.util.ArrayList.forEach(ArrayList.java:1540)
... Removed 41 stack frames]]>
    </failure>
  </testcase> <!-- facelookLogin -->
</testsuite> <!-- Command line test -->
