<?xml version="1.0" encoding="UTF-8"?>
<testng-results ignored="0" total="2" passed="2" failed="0" skipped="0">
  <reporter-output>
  </reporter-output>
  <suite started-at="2020-07-02T18:42:18 IST" name="Suite" finished-at="2020-07-02T18:42:54 IST" duration-ms="35158">
    <groups>
    </groups>
    <test started-at="2020-07-02T18:42:18 IST" name="Test" finished-at="2020-07-02T18:42:54 IST" duration-ms="35158">
      <class name="testcases.Test1">
        <test-method signature="academtLogin()[pri:0, instance:testcases.Test1@544fa968]" started-at="2020-07-02T18:42:19 IST" name="academtLogin" finished-at="2020-07-02T18:42:45 IST" duration-ms="26186" status="PASS">
          <reporter-output>
          </reporter-output>
        </test-method> <!-- academtLogin -->
      </class> <!-- testcases.Test1 -->
      <class name="testcases.Test2">
        <test-method signature="googleTitleValidation()[pri:0, instance:testcases.Test2@247bddad]" started-at="2020-07-02T18:42:19 IST" name="googleTitleValidation" finished-at="2020-07-02T18:42:53 IST" duration-ms="34376" status="PASS">
          <reporter-output>
          </reporter-output>
        </test-method> <!-- googleTitleValidation -->
      </class> <!-- testcases.Test2 -->
    </test> <!-- Test -->
  </suite> <!-- Suite -->
</testng-results>
